<?xml version="1.0" encoding="UTF-8"?>
<!-- Generated by org.testng.reporters.JUnitReportReporter -->
<testsuite hostname="DESKTOP-N9IAUI1" failures="0" tests="2" name="com.FreeCRM.qa.testcases.TasksPageTestCase" time="78.364" errors="0" timestamp="27 Mar 2020 10:39:47 GMT" skipped="0">
  <testcase classname="com.FreeCRM.qa.testcases.TasksPageTestCase" name="verifyTaskLabelTest" time="34.566"/>
  <testcase classname="com.FreeCRM.qa.testcases.TasksPageTestCase" name="createNewTaskTest" time="43.798"/>
</testsuite> <!-- com.FreeCRM.qa.testcases.TasksPageTestCase -->
