<?xml version="1.0" encoding="UTF-8"?>
<!-- Generated by org.testng.reporters.JUnitReportReporter -->
<testsuite hostname="DESKTOP-N9IAUI1" failures="0" tests="3" name="com.FreeCRM.qa.testcases.LoginPageTestCase" time="22.175" errors="0" timestamp="27 Mar 2020 12:19:18 GMT" skipped="0">
  <testcase classname="com.FreeCRM.qa.testcases.LoginPageTestCase" name="LoginTitleTest" time="3.311"/>
  <testcase classname="com.FreeCRM.qa.testcases.LoginPageTestCase" name="crmLogoImageTest" time="4.216"/>
  <testcase classname="com.FreeCRM.qa.testcases.LoginPageTestCase" name="loginTest" time="14.648"/>
</testsuite> <!-- com.FreeCRM.qa.testcases.LoginPageTestCase -->
